-------------------------------------------------------------------------------
Test set: sombrero.user.UserControllerTest
-------------------------------------------------------------------------------
Tests run: 2, Failures: 1, Errors: 0, Skipped: 0, Time elapsed: 2.321 s <<< FAILURE! - in sombrero.user.UserControllerTest
createUser_XML(sombrero.user.UserControllerTest)  Time elapsed: 0.083 s  <<< FAILURE!
java.lang.AssertionError: Status expected:<200> but was:<400>
	at sombrero.user.UserControllerTest.createUser_XML(UserControllerTest.java:65)

