<?xml version="1.0" encoding="UTF-8"?>
<testsuite xmlns:xsi="http://www.w3.org/2001/XMLSchema-instance" xsi:noNamespaceSchemaLocation="https://maven.apache.org/surefire/maven-surefire-plugin/xsd/surefire-test-report.xsd" name="sombrero.user.UserControllerTest" time="2.321" tests="2" errors="0" skipped="0" failures="1">
  <properties>
[...]
</properties>
  <testcase name="hello" classname="sombrero.user.UserControllerTest" time="0.344"/>
  <testcase name="createUser_XML" classname="sombrero.user.UserControllerTest" time="0.083">
    <failure message="Status expected:&lt;200&gt; but was:&lt;400&gt;" type="java.lang.AssertionError"><![CDATA[java.lang.AssertionError: Status expected:<200> but was:<400>
	at sombrero.user.UserControllerTest.createUser_XML(UserControllerTest.java:65)
]]></failure>
    <system-out><![CDATA[2019-06-23 21:49:25.207  WARN 72644 --- [           main] .w.s.m.s.DefaultHandlerExceptionResolver : Resolved [org.springframework.http.converter.HttpMessageNotReadableException: JSON parse error: Unexpected character '{' (code 123) in prolog; expected '<'
 at [row,col {unknown-source}]: [1,1]; nested exception is com.fasterxml.jackson.core.JsonParseException: Unexpected character '{' (code 123) in prolog; expected '<'
 at [row,col {unknown-source}]: [1,1]]

MockHttpServletRequest:
      HTTP Method = POST
      Request URI = /users/create
       Parameters = {}
          Headers = [Content-Type:"application/xml"]
             Body = <no character encoding set>
    Session Attrs = {}

Handler:
             Type = sombrero.user.UserController
           Method = public sombrero.user.User sombrero.user.UserController.create(sombrero.user.User)

Async:
    Async started = false
     Async result = null

Resolved Exception:
             Type = org.springframework.http.converter.HttpMessageNotReadableException

ModelAndView:
        View name = null
             View = null
            Model = null

FlashMap:
       Attributes = null

MockHttpServletResponse:
           Status = 400
    Error message = null
          Headers = []
     Content type = null
             Body = 
    Forwarded URL = null
   Redirected URL = null
          Cookies = []

MockHttpServletRequest:
      HTTP Method = GET
      Request URI = /hello
       Parameters = {}
          Headers = []
             Body = <no character encoding set>
    Session Attrs = {}

Handler:
             Type = sombrero.user.UserController
           Method = public java.lang.String sombrero.user.UserController.hello()

Async:
    Async started = false
     Async result = null

Resolved Exception:
             Type = null

ModelAndView:
        View name = null
             View = null
            Model = null

FlashMap:
       Attributes = null

MockHttpServletResponse:
           Status = 200
    Error message = null
          Headers = [Content-Type:"text/plain;charset=UTF-8", Content-Length:"5"]
     Content type = text/plain;charset=UTF-8
             Body = hello
    Forwarded URL = null
   Redirected URL = null
          Cookies = []

MockHttpServletRequest:
      HTTP Method = POST
      Request URI = /users/create
       Parameters = {}
          Headers = [Content-Type:"application/xml"]
             Body = <no character encoding set>
    Session Attrs = {}

Handler:
             Type = sombrero.user.UserController
           Method = public sombrero.user.User sombrero.user.UserController.create(sombrero.user.User)

Async:
    Async started = false
     Async result = null

Resolved Exception:
             Type = org.springframework.http.converter.HttpMessageNotReadableException

ModelAndView:
        View name = null
             View = null
            Model = null

FlashMap:
       Attributes = null

MockHttpServletResponse:
           Status = 400
    Error message = null
          Headers = []
     Content type = null
             Body = 
    Forwarded URL = null
   Redirected URL = null
          Cookies = []
]]></system-out>
  </testcase>
</testsuite>